<?xml version="1.0" encoding="UTF-8"?>
<testng-results skipped="0" failed="2" ignored="0" total="3" passed="1">
  <reporter-output>
  </reporter-output>
  <suite name="TestSuite" duration-ms="26434" started-at="2019-08-11T18:31:29Z" finished-at="2019-08-11T18:31:56Z">
    <groups>
    </groups>
    <test name="testMultipleMethod" duration-ms="26434" started-at="2019-08-11T18:31:29Z" finished-at="2019-08-11T18:31:56Z">
      <class name="firsttestngpackage.MultipleSession_In_testNG">
        <test-method status="PASS" signature="executeSessionTwo()[pri:0, instance:firsttestngpackage.MultipleSession_In_testNG@58651fd0]" name="executeSessionTwo" duration-ms="12570" started-at="2019-08-11T18:31:29Z" finished-at="2019-08-11T18:31:42Z">
          <reporter-output>
          </reporter-output>
        </test-method> <!-- executeSessionTwo -->
        <test-method status="FAIL" signature="executSessionThree()[pri:0, instance:firsttestngpackage.MultipleSession_In_testNG@58651fd0]" name="executSessionThree" duration-ms="26373" started-at="2019-08-11T18:31:29Z" finished-at="2019-08-11T18:31:56Z">
          <exception class="org.openqa.selenium.WebDriverException">
            <message>
              <![CDATA[chrome not reachable
  (Session info: chrome=76.0.3809.100)
Build info: version: '3.141.59', revision: 'e82be7d358', time: '2018-11-14T08:25:48'
System info: host: 'MSLAPTOP', ip: '192.168.0.129', os.name: 'Windows 10', os.arch: 'amd64', os.version: '10.0', java.version: '1.8.0_211'
Driver info: org.openqa.selenium.chrome.ChromeDriver
Capabilities {acceptInsecureCerts: false, browserName: chrome, browserVersion: 76.0.3809.100, chrome: {chromedriverVersion: 75.0.3770.90 (a6dcaf7e3ec6f..., userDataDir: X:\Temp\scoped_dir4484_10946}, goog:chromeOptions: {debuggerAddress: localhost:50591}, javascriptEnabled: true, networkConnectionEnabled: false, pageLoadStrategy: normal, platform: XP, platformName: XP, proxy: Proxy(), setWindowRect: true, strictFileInteractability: false, timeouts: {implicit: 0, pageLoad: 300000, script: 30000}, unhandledPromptBehavior: dismiss and notify}
Session ID: afaeae85ed189e3eb86f4566220b69dd
*** Element info: {Using=name, value=uid}]]>
            </message>
            <full-stacktrace>
              <![CDATA[org.openqa.selenium.WebDriverException: chrome not reachable
  (Session info: chrome=76.0.3809.100)
Build info: version: '3.141.59', revision: 'e82be7d358', time: '2018-11-14T08:25:48'
System info: host: 'MSLAPTOP', ip: '192.168.0.129', os.name: 'Windows 10', os.arch: 'amd64', os.version: '10.0', java.version: '1.8.0_211'
Driver info: org.openqa.selenium.chrome.ChromeDriver
Capabilities {acceptInsecureCerts: false, browserName: chrome, browserVersion: 76.0.3809.100, chrome: {chromedriverVersion: 75.0.3770.90 (a6dcaf7e3ec6f..., userDataDir: X:\Temp\scoped_dir4484_10946}, goog:chromeOptions: {debuggerAddress: localhost:50591}, javascriptEnabled: true, networkConnectionEnabled: false, pageLoadStrategy: normal, platform: XP, platformName: XP, proxy: Proxy(), setWindowRect: true, strictFileInteractability: false, timeouts: {implicit: 0, pageLoad: 300000, script: 30000}, unhandledPromptBehavior: dismiss and notify}
Session ID: afaeae85ed189e3eb86f4566220b69dd
*** Element info: {Using=name, value=uid}
at sun.reflect.NativeConstructorAccessorImpl.newInstance0(Native Method)
at sun.reflect.NativeConstructorAccessorImpl.newInstance(Unknown Source)
at sun.reflect.DelegatingConstructorAccessorImpl.newInstance(Unknown Source)
at java.lang.reflect.Constructor.newInstance(Unknown Source)
at org.openqa.selenium.remote.http.W3CHttpResponseCodec.createException(W3CHttpResponseCodec.java:187)
at org.openqa.selenium.remote.http.W3CHttpResponseCodec.decode(W3CHttpResponseCodec.java:122)
at org.openqa.selenium.remote.http.W3CHttpResponseCodec.decode(W3CHttpResponseCodec.java:49)
at org.openqa.selenium.remote.HttpCommandExecutor.execute(HttpCommandExecutor.java:158)
at org.openqa.selenium.remote.service.DriverCommandExecutor.execute(DriverCommandExecutor.java:83)
at org.openqa.selenium.remote.RemoteWebDriver.execute(RemoteWebDriver.java:552)
at org.openqa.selenium.remote.RemoteWebDriver.findElement(RemoteWebDriver.java:323)
at org.openqa.selenium.remote.RemoteWebDriver.findElementByName(RemoteWebDriver.java:404)
at org.openqa.selenium.By$ByName.findElement(By.java:284)
at org.openqa.selenium.remote.RemoteWebDriver.findElement(RemoteWebDriver.java:315)
at firsttestngpackage.MultipleSession_In_testNG.executSessionThree(MultipleSession_In_testNG.java:45)
at sun.reflect.NativeMethodAccessorImpl.invoke0(Native Method)
at sun.reflect.NativeMethodAccessorImpl.invoke(Unknown Source)
at sun.reflect.DelegatingMethodAccessorImpl.invoke(Unknown Source)
at java.lang.reflect.Method.invoke(Unknown Source)
at org.testng.internal.MethodInvocationHelper.invokeMethod(MethodInvocationHelper.java:124)
at org.testng.internal.Invoker.invokeMethod(Invoker.java:583)
at org.testng.internal.Invoker.invokeTestMethod(Invoker.java:719)
at org.testng.internal.Invoker.invokeTestMethods(Invoker.java:989)
at org.testng.internal.TestMethodWorker.invokeTestMethods(TestMethodWorker.java:125)
at org.testng.internal.TestMethodWorker.run(TestMethodWorker.java:109)
at java.util.concurrent.ThreadPoolExecutor.runWorker(Unknown Source)
at java.util.concurrent.ThreadPoolExecutor$Worker.run(Unknown Source)
at java.lang.Thread.run(Unknown Source)
]]>
            </full-stacktrace>
          </exception> <!-- org.openqa.selenium.WebDriverException -->
          <reporter-output>
          </reporter-output>
        </test-method> <!-- executSessionThree -->
        <test-method status="FAIL" signature="executSessionOne()[pri:0, instance:firsttestngpackage.MultipleSession_In_testNG@58651fd0]" name="executSessionOne" duration-ms="20357" started-at="2019-08-11T18:31:29Z" finished-at="2019-08-11T18:31:50Z">
          <exception class="org.openqa.selenium.SessionNotCreatedException">
            <message>
              <![CDATA[session not created
from chrome not reachable
  (Session info: chrome=76.0.3809.100)
Build info: version: '3.141.59', revision: 'e82be7d358', time: '2018-11-14T08:25:48'
System info: host: 'MSLAPTOP', ip: '192.168.0.129', os.name: 'Windows 10', os.arch: 'amd64', os.version: '10.0', java.version: '1.8.0_211'
Driver info: driver.version: ChromeDriver
remote stacktrace: Backtrace:
Ordinal0 [0x00731B23+1448739]
Ordinal0 [0x006B5A11+940561]
Ordinal0 [0x0064213C+467260]
Ordinal0 [0x0063BB2E+441134]
Ordinal0 [0x0063C1C8+442824]
Ordinal0 [0x0063D275+447093]
Ordinal0 [0x00639515+431381]
Ordinal0 [0x00642EF0+470768]
Ordinal0 [0x005F94CE+169166]
Ordinal0 [0x005F88ED+166125]
Ordinal0 [0x005F6FFB+159739]
Ordinal0 [0x005E09F6+68086]
Ordinal0 [0x005E1990+72080]
Ordinal0 [0x005E1929+71977]
GetHandleVerifier [0x00872E4C+1172140]
GetHandleVerifier [0x007CFE35+504469]
GetHandleVerifier [0x007CFBD0+503856]
Ordinal0 [0x0073C9A8+1493416]
GetHandleVerifier [0x007D060A+506474]
Ordinal0 [0x006C7136+1012022]
Ordinal0 [0x006C6FAF+1011631]
Ordinal0 [0x006D133B+1053499]
Ordinal0 [0x006D14A3+1053859]
Ordinal0 [0x006D04D5+1049813]
BaseThreadInitThunk [0x76AD6359+25]
RtlGetAppContainerNamedObjectPath [0x77527A94+228]
RtlGetAppContainerNamedObjectPath [0x77527A64+180]
]]>
            </message>
            <full-stacktrace>
              <![CDATA[org.openqa.selenium.SessionNotCreatedException: session not created
from chrome not reachable
  (Session info: chrome=76.0.3809.100)
Build info: version: '3.141.59', revision: 'e82be7d358', time: '2018-11-14T08:25:48'
System info: host: 'MSLAPTOP', ip: '192.168.0.129', os.name: 'Windows 10', os.arch: 'amd64', os.version: '10.0', java.version: '1.8.0_211'
Driver info: driver.version: ChromeDriver
remote stacktrace: Backtrace:
Ordinal0 [0x00731B23+1448739]
Ordinal0 [0x006B5A11+940561]
Ordinal0 [0x0064213C+467260]
Ordinal0 [0x0063BB2E+441134]
Ordinal0 [0x0063C1C8+442824]
Ordinal0 [0x0063D275+447093]
Ordinal0 [0x00639515+431381]
Ordinal0 [0x00642EF0+470768]
Ordinal0 [0x005F94CE+169166]
Ordinal0 [0x005F88ED+166125]
Ordinal0 [0x005F6FFB+159739]
Ordinal0 [0x005E09F6+68086]
Ordinal0 [0x005E1990+72080]
Ordinal0 [0x005E1929+71977]
GetHandleVerifier [0x00872E4C+1172140]
GetHandleVerifier [0x007CFE35+504469]
GetHandleVerifier [0x007CFBD0+503856]
Ordinal0 [0x0073C9A8+1493416]
GetHandleVerifier [0x007D060A+506474]
Ordinal0 [0x006C7136+1012022]
Ordinal0 [0x006C6FAF+1011631]
Ordinal0 [0x006D133B+1053499]
Ordinal0 [0x006D14A3+1053859]
Ordinal0 [0x006D04D5+1049813]
BaseThreadInitThunk [0x76AD6359+25]
RtlGetAppContainerNamedObjectPath [0x77527A94+228]
RtlGetAppContainerNamedObjectPath [0x77527A64+180]

at sun.reflect.NativeConstructorAccessorImpl.newInstance0(Native Method)
at sun.reflect.NativeConstructorAccessorImpl.newInstance(Unknown Source)
at sun.reflect.DelegatingConstructorAccessorImpl.newInstance(Unknown Source)
at java.lang.reflect.Constructor.newInstance(Unknown Source)
at org.openqa.selenium.remote.W3CHandshakeResponse.lambda$errorHandler$0(W3CHandshakeResponse.java:62)
at org.openqa.selenium.remote.HandshakeResponse.lambda$getResponseFunction$0(HandshakeResponse.java:30)
at org.openqa.selenium.remote.ProtocolHandshake.lambda$createSession$0(ProtocolHandshake.java:126)
at java.util.stream.ReferencePipeline$3$1.accept(Unknown Source)
at java.util.Spliterators$ArraySpliterator.tryAdvance(Unknown Source)
at java.util.stream.ReferencePipeline.forEachWithCancel(Unknown Source)
at java.util.stream.AbstractPipeline.copyIntoWithCancel(Unknown Source)
at java.util.stream.AbstractPipeline.copyInto(Unknown Source)
at java.util.stream.AbstractPipeline.wrapAndCopyInto(Unknown Source)
at java.util.stream.FindOps$FindOp.evaluateSequential(Unknown Source)
at java.util.stream.AbstractPipeline.evaluate(Unknown Source)
at java.util.stream.ReferencePipeline.findFirst(Unknown Source)
at org.openqa.selenium.remote.ProtocolHandshake.createSession(ProtocolHandshake.java:128)
at org.openqa.selenium.remote.ProtocolHandshake.createSession(ProtocolHandshake.java:74)
at org.openqa.selenium.remote.HttpCommandExecutor.execute(HttpCommandExecutor.java:136)
at org.openqa.selenium.remote.service.DriverCommandExecutor.execute(DriverCommandExecutor.java:83)
at org.openqa.selenium.remote.RemoteWebDriver.execute(RemoteWebDriver.java:552)
at org.openqa.selenium.remote.RemoteWebDriver.startSession(RemoteWebDriver.java:213)
at org.openqa.selenium.remote.RemoteWebDriver.<init>(RemoteWebDriver.java:131)
at org.openqa.selenium.chrome.ChromeDriver.<init>(ChromeDriver.java:181)
at org.openqa.selenium.chrome.ChromeDriver.<init>(ChromeDriver.java:168)
at org.openqa.selenium.chrome.ChromeDriver.<init>(ChromeDriver.java:123)
at firsttestngpackage.MultipleSession_In_testNG.executSessionOne(MultipleSession_In_testNG.java:17)
at sun.reflect.NativeMethodAccessorImpl.invoke0(Native Method)
at sun.reflect.NativeMethodAccessorImpl.invoke(Unknown Source)
at sun.reflect.DelegatingMethodAccessorImpl.invoke(Unknown Source)
at java.lang.reflect.Method.invoke(Unknown Source)
at org.testng.internal.MethodInvocationHelper.invokeMethod(MethodInvocationHelper.java:124)
at org.testng.internal.Invoker.invokeMethod(Invoker.java:583)
at org.testng.internal.Invoker.invokeTestMethod(Invoker.java:719)
at org.testng.internal.Invoker.invokeTestMethods(Invoker.java:989)
at org.testng.internal.TestMethodWorker.invokeTestMethods(TestMethodWorker.java:125)
at org.testng.internal.TestMethodWorker.run(TestMethodWorker.java:109)
at java.util.concurrent.ThreadPoolExecutor.runWorker(Unknown Source)
at java.util.concurrent.ThreadPoolExecutor$Worker.run(Unknown Source)
at java.lang.Thread.run(Unknown Source)
]]>
            </full-stacktrace>
          </exception> <!-- org.openqa.selenium.SessionNotCreatedException -->
          <reporter-output>
          </reporter-output>
        </test-method> <!-- executSessionOne -->
      </class> <!-- firsttestngpackage.MultipleSession_In_testNG -->
    </test> <!-- testMultipleMethod -->
  </suite> <!-- TestSuite -->
</testng-results>
